<?xml version="1.0" encoding="UTF-8"?>
<!-- Generated by org.testng.reporters.JUnitXMLReporter -->
<testsuite ignored="0" hostname="arunkumar" failures="1" tests="6" name="parallel test" time="0.264" errors="0" timestamp="2024-09-09T15:21:35 IST">
  <testcase classname="testscript.Base" name="@BeforeMethod initialiseBrowser" time="-1.7258754954E9">
    <failure type="org.testng.TestNGException" message="
Parameter &amp;apos;browser&amp;apos; is required by BeforeMethod on method initialiseBrowser but has not been marked @Optional or defined
in C:\Users\user\git\Project_automation\Project_automation\Project_automation\parallel test.xml">
      <![CDATA[org.testng.TestNGException: 
Parameter 'browser' is required by BeforeMethod on method initialiseBrowser but has not been marked @Optional or defined
in C:\Users\user\git\Project_automation\Project_automation\Project_automation\parallel test.xml
at java.base/java.util.concurrent.ThreadPoolExecutor.runWorker(ThreadPoolExecutor.java:1136)
at java.base/java.util.concurrent.ThreadPoolExecutor$Worker.run(ThreadPoolExecutor.java:635)
at java.base/java.lang.Thread.run(Thread.java:842)
... Removed 13 stack frames]]>
    </failure>
  </testcase> <!-- @BeforeMethod initialiseBrowser -->
  <testcase classname="testscript.Base" name="@BeforeMethod initialiseBrowser" time="-1.7258754954E9">
    <failure type="org.testng.TestNGException" message="
Parameter &amp;apos;browser&amp;apos; is required by BeforeMethod on method initialiseBrowser but has not been marked @Optional or defined
in C:\Users\user\git\Project_automation\Project_automation\Project_automation\parallel test.xml">
      <![CDATA[org.testng.TestNGException: 
Parameter 'browser' is required by BeforeMethod on method initialiseBrowser but has not been marked @Optional or defined
in C:\Users\user\git\Project_automation\Project_automation\Project_automation\parallel test.xml
at java.base/java.util.concurrent.ThreadPoolExecutor.runWorker(ThreadPoolExecutor.java:1136)
at java.base/java.util.concurrent.ThreadPoolExecutor$Worker.run(ThreadPoolExecutor.java:635)
at java.base/java.lang.Thread.run(Thread.java:842)
... Removed 13 stack frames]]>
    </failure>
  </testcase> <!-- @BeforeMethod initialiseBrowser -->
  <testcase classname="testscript.Base" name="@AfterMethod afterMethod" time="0.0">
    <skipped/>
  </testcase> <!-- @AfterMethod afterMethod -->
  <testcase classname="testscript.Base" name="@BeforeMethod initialiseBrowser" time="-1.725875495459E9">
    <failure type="org.testng.TestNGException" message="
Parameter &amp;apos;browser&amp;apos; is required by BeforeMethod on method initialiseBrowser but has not been marked @Optional or defined
in C:\Users\user\git\Project_automation\Project_automation\Project_automation\parallel test.xml">
      <![CDATA[org.testng.TestNGException: 
Parameter 'browser' is required by BeforeMethod on method initialiseBrowser but has not been marked @Optional or defined
in C:\Users\user\git\Project_automation\Project_automation\Project_automation\parallel test.xml
at java.base/java.util.concurrent.ThreadPoolExecutor.runWorker(ThreadPoolExecutor.java:1136)
at java.base/java.util.concurrent.ThreadPoolExecutor$Worker.run(ThreadPoolExecutor.java:635)
at java.base/java.lang.Thread.run(Thread.java:842)
... Removed 13 stack frames]]>
    </failure>
  </testcase> <!-- @BeforeMethod initialiseBrowser -->
  <testcase classname="testscript.Base" name="@AfterMethod afterMethod" time="0.0">
    <skipped/>
  </testcase> <!-- @AfterMethod afterMethod -->
  <testcase classname="testscript.Base" name="@AfterMethod afterMethod" time="0.0">
    <skipped/>
  </testcase> <!-- @AfterMethod afterMethod -->
  <testcase classname="testscript.Base" name="@BeforeMethod initialiseBrowser" time="-1.725875495496E9">
    <failure type="org.testng.TestNGException" message="
Parameter &amp;apos;browser&amp;apos; is required by BeforeMethod on method initialiseBrowser but has not been marked @Optional or defined
in C:\Users\user\git\Project_automation\Project_automation\Project_automation\parallel test.xml">
      <![CDATA[org.testng.TestNGException: 
Parameter 'browser' is required by BeforeMethod on method initialiseBrowser but has not been marked @Optional or defined
in C:\Users\user\git\Project_automation\Project_automation\Project_automation\parallel test.xml
at java.base/java.util.concurrent.ThreadPoolExecutor.runWorker(ThreadPoolExecutor.java:1136)
at java.base/java.util.concurrent.ThreadPoolExecutor$Worker.run(ThreadPoolExecutor.java:635)
at java.base/java.lang.Thread.run(Thread.java:842)
... Removed 13 stack frames]]>
    </failure>
  </testcase> <!-- @BeforeMethod initialiseBrowser -->
  <testcase classname="testscript.Base" name="@AfterMethod afterMethod" time="0.0">
    <skipped/>
  </testcase> <!-- @AfterMethod afterMethod -->
  <testcase classname="testscript.Base" name="@BeforeMethod initialiseBrowser" time="-1.725875495522E9">
    <failure type="org.testng.TestNGException" message="
Parameter &amp;apos;browser&amp;apos; is required by BeforeMethod on method initialiseBrowser but has not been marked @Optional or defined
in C:\Users\user\git\Project_automation\Project_automation\Project_automation\parallel test.xml">
      <![CDATA[org.testng.TestNGException: 
Parameter 'browser' is required by BeforeMethod on method initialiseBrowser but has not been marked @Optional or defined
in C:\Users\user\git\Project_automation\Project_automation\Project_automation\parallel test.xml
at java.base/java.util.concurrent.ThreadPoolExecutor.runWorker(ThreadPoolExecutor.java:1136)
at java.base/java.util.concurrent.ThreadPoolExecutor$Worker.run(ThreadPoolExecutor.java:635)
at java.base/java.lang.Thread.run(Thread.java:842)
... Removed 13 stack frames]]>
    </failure>
  </testcase> <!-- @BeforeMethod initialiseBrowser -->
  <testcase classname="testscript.Base" name="@AfterMethod afterMethod" time="0.0">
    <skipped/>
  </testcase> <!-- @AfterMethod afterMethod -->
  <testcase classname="testscript.Loginpage_Test" name="verifyInvalidUsernameAndInvalidPassword" time="0.0">
    <skipped/>
  </testcase> <!-- verifyInvalidUsernameAndInvalidPassword -->
  <testcase classname="testscript.Sub_Category_Search_Test" name="verifyUserCanAbleTo_SubCategory_Search" time="0.0">
    <skipped/>
  </testcase> <!-- verifyUserCanAbleTo_SubCategory_Search -->
  <testcase classname="testscript.Loginpage_Test" name="verifyInvalidUsernameAndInvalidPassword" time="0.001">
    <skipped/>
  </testcase> <!-- verifyInvalidUsernameAndInvalidPassword -->
  <testcase classname="testscript.Loginpage_Test" name="verifyInvalidUsernameAndValidPassword" time="0.001">
    <skipped/>
  </testcase> <!-- verifyInvalidUsernameAndValidPassword -->
  <testcase classname="testscript.Loginpage_Test" name="verifyUserIsAbleToSignInUsingValidCredentials" time="0.0">
    <skipped/>
  </testcase> <!-- verifyUserIsAbleToSignInUsingValidCredentials -->
  <testcase classname="testscript.Loginpage_Test" name="verifyValidUsernameAndInvalidPassword" time="0.0">
    <failure type="org.testng.TestNGException" message="
Parameter &amp;apos;validuserName&amp;apos; is required by @Test on method verifyValidUsernameAndInvalidPassword but has not been marked @Optional or defined
in C:\Users\user\git\Project_automation\Project_automation\Project_automation\parallel test.xml">
      <![CDATA[org.testng.TestNGException: 
Parameter 'validuserName' is required by @Test on method verifyValidUsernameAndInvalidPassword but has not been marked @Optional or defined
in C:\Users\user\git\Project_automation\Project_automation\Project_automation\parallel test.xml
at java.base/java.util.concurrent.ThreadPoolExecutor.runWorker(ThreadPoolExecutor.java:1136)
at java.base/java.util.concurrent.ThreadPoolExecutor$Worker.run(ThreadPoolExecutor.java:635)
at java.base/java.lang.Thread.run(Thread.java:842)
... Removed 11 stack frames]]>
    </failure>
  </testcase> <!-- verifyValidUsernameAndInvalidPassword -->
</testsuite> <!-- parallel test -->
