<?xml version="1.0" encoding="UTF-8"?>
<!-- Generated by org.testng.reporters.JUnitReportReporter -->
<testsuite hostname="arunkumar" failures="0" tests="2" name="testscript.Sub_Category_Search_Test" time="-1725875456.000" errors="1" timestamp="2024-09-09T15:21:36 IST" skipped="1">
  <testcase classname="testscript.Sub_Category_Search_Test" name="initialiseBrowser" time="-1725875456.000">
    <error message="
Parameter &#039;browser&#039; is required by BeforeMethod on method initialiseBrowser but has not been marked @Optional or defined
in C:\Users\user\git\Project_automation\Project_automation\Project_automation\parallel test.xml" type="org.testng.TestNGException">
      <![CDATA[org.testng.TestNGException: 
Parameter 'browser' is required by BeforeMethod on method initialiseBrowser but has not been marked @Optional or defined
in C:\Users\user\git\Project_automation\Project_automation\Project_automation\parallel test.xml
at org.testng.internal.Parameters.createParams(Parameters.java:267)
at org.testng.internal.Parameters.createParametersForMethod(Parameters.java:355)
at org.testng.internal.Parameters.createParameters(Parameters.java:684)
at org.testng.internal.Parameters.createConfigurationParameters(Parameters.java:166)
at org.testng.internal.invokers.ConfigInvoker.invokeConfigurations(ConfigInvoker.java:306)
at org.testng.internal.invokers.TestInvoker.runConfigMethods(TestInvoker.java:810)
at org.testng.internal.invokers.TestInvoker.invokeMethod(TestInvoker.java:577)
at org.testng.internal.invokers.TestInvoker.invokeTestMethod(TestInvoker.java:227)
at org.testng.internal.invokers.MethodRunner.runInSequence(MethodRunner.java:50)
at org.testng.internal.invokers.TestInvoker$MethodInvocationAgent.invoke(TestInvoker.java:957)
at org.testng.internal.invokers.TestInvoker.invokeTestMethods(TestInvoker.java:200)
at org.testng.internal.invokers.TestMethodWorker.invokeTestMethods(TestMethodWorker.java:148)
at org.testng.internal.invokers.TestMethodWorker.run(TestMethodWorker.java:128)
at java.base/java.util.concurrent.ThreadPoolExecutor.runWorker(ThreadPoolExecutor.java:1136)
at java.base/java.util.concurrent.ThreadPoolExecutor$Worker.run(ThreadPoolExecutor.java:635)
at java.base/java.lang.Thread.run(Thread.java:842)
]]>
    </error>
  </testcase> <!-- initialiseBrowser -->
  <testcase classname="testscript.Sub_Category_Search_Test" name="verifyUserCanAbleTo_SubCategory_Search" time="0.000">
    <skipped/>
  </testcase> <!-- verifyUserCanAbleTo_SubCategory_Search -->
</testsuite> <!-- testscript.Sub_Category_Search_Test -->
